[0.013s] Invoking command in '/home/arjun/jetbot_ws/build/my_robot_description': CMAKE_PREFIX_PATH=${CMAKE_PREFIX_PATH}:/home/arjun/opt_ws/install/my_bot_controller:/home/arjun/ros2_ws/install/my_robot_controller:/opt/ros/humble /usr/bin/cmake --build /home/arjun/jetbot_ws/build/my_robot_description -- -j8 -l8
[0.043s] Invoked command in '/home/arjun/jetbot_ws/build/my_robot_description' returned '0': CMAKE_PREFIX_PATH=${CMAKE_PREFIX_PATH}:/home/arjun/opt_ws/install/my_bot_controller:/home/arjun/ros2_ws/install/my_robot_controller:/opt/ros/humble /usr/bin/cmake --build /home/arjun/jetbot_ws/build/my_robot_description -- -j8 -l8
[0.063s] Invoking command in '/home/arjun/jetbot_ws/build/my_robot_description': CMAKE_PREFIX_PATH=${CMAKE_PREFIX_PATH}:/home/arjun/opt_ws/install/my_bot_controller:/home/arjun/ros2_ws/install/my_robot_controller:/opt/ros/humble /usr/bin/cmake --install /home/arjun/jetbot_ws/build/my_robot_description
[0.067s] -- Install configuration: ""
[0.068s] -- Execute custom install script
[0.068s] -- Up-to-date symlink: /home/arjun/jetbot_ws/install/my_robot_description/share/my_robot_description//urdf/common_properties.xacro
[0.069s] -- Up-to-date symlink: /home/arjun/jetbot_ws/install/my_robot_description/share/my_robot_description//urdf/mobile_base.xacro
[0.069s] -- Up-to-date symlink: /home/arjun/jetbot_ws/install/my_robot_description/share/my_robot_description//urdf/mobile_base_gazebo.xacro
[0.069s] -- Up-to-date symlink: /home/arjun/jetbot_ws/install/my_robot_description/share/my_robot_description//urdf/my_bot.urdf.xacro
[0.069s] -- Up-to-date symlink: /home/arjun/jetbot_ws/install/my_robot_description/share/my_robot_description//launch/display.launch.py
[0.069s] -- Up-to-date symlink: /home/arjun/jetbot_ws/install/my_robot_description/share/my_robot_description//launch/display.launch.xml
[0.069s] -- Up-to-date symlink: /home/arjun/jetbot_ws/install/my_robot_description/share/my_robot_description//rviz/urdf_config.rviz
[0.069s] -- Up-to-date symlink: /home/arjun/jetbot_ws/install/my_robot_description/share/ament_index/resource_index/package_run_dependencies/my_robot_description
[0.069s] -- Up-to-date symlink: /home/arjun/jetbot_ws/install/my_robot_description/share/ament_index/resource_index/parent_prefix_path/my_robot_description
[0.069s] -- Up-to-date symlink: /home/arjun/jetbot_ws/install/my_robot_description/share/my_robot_description/environment/ament_prefix_path.sh
[0.069s] -- Up-to-date symlink: /home/arjun/jetbot_ws/install/my_robot_description/share/my_robot_description/environment/ament_prefix_path.dsv
[0.069s] -- Up-to-date symlink: /home/arjun/jetbot_ws/install/my_robot_description/share/my_robot_description/environment/path.sh
[0.070s] -- Up-to-date symlink: /home/arjun/jetbot_ws/install/my_robot_description/share/my_robot_description/environment/path.dsv
[0.070s] -- Up-to-date symlink: /home/arjun/jetbot_ws/install/my_robot_description/share/my_robot_description/local_setup.bash
[0.070s] -- Up-to-date symlink: /home/arjun/jetbot_ws/install/my_robot_description/share/my_robot_description/local_setup.sh
[0.070s] -- Up-to-date symlink: /home/arjun/jetbot_ws/install/my_robot_description/share/my_robot_description/local_setup.zsh
[0.070s] -- Up-to-date symlink: /home/arjun/jetbot_ws/install/my_robot_description/share/my_robot_description/local_setup.dsv
[0.070s] -- Symlinking: /home/arjun/jetbot_ws/install/my_robot_description/share/my_robot_description/package.dsv
[0.076s] -- Up-to-date symlink: /home/arjun/jetbot_ws/install/my_robot_description/share/ament_index/resource_index/packages/my_robot_description
[0.076s] -- Up-to-date symlink: /home/arjun/jetbot_ws/install/my_robot_description/share/my_robot_description/cmake/my_robot_descriptionConfig.cmake
[0.076s] -- Up-to-date symlink: /home/arjun/jetbot_ws/install/my_robot_description/share/my_robot_description/cmake/my_robot_descriptionConfig-version.cmake
[0.076s] -- Up-to-date symlink: /home/arjun/jetbot_ws/install/my_robot_description/share/my_robot_description/package.xml
[0.078s] Invoked command in '/home/arjun/jetbot_ws/build/my_robot_description' returned '0': CMAKE_PREFIX_PATH=${CMAKE_PREFIX_PATH}:/home/arjun/opt_ws/install/my_bot_controller:/home/arjun/ros2_ws/install/my_robot_controller:/opt/ros/humble /usr/bin/cmake --install /home/arjun/jetbot_ws/build/my_robot_description
