[0.015s] Invoking command in '/home/arjun/jetbot_ws/build/my_robot_description': CMAKE_PREFIX_PATH=${CMAKE_PREFIX_PATH}:/home/arjun/opt_ws/install/my_bot_controller:/home/arjun/ros2_ws/install/my_robot_controller:/opt/ros/humble /usr/bin/cmake --build /home/arjun/jetbot_ws/build/my_robot_description -- -j8 -l8
[0.035s] -- Found ament_cmake: 1.3.5 (/opt/ros/humble/share/ament_cmake/cmake)
[0.220s] -- Configuring done
[0.222s] -- Generating done
[0.223s] -- Build files have been written to: /home/arjun/jetbot_ws/build/my_robot_description
[0.245s] Invoked command in '/home/arjun/jetbot_ws/build/my_robot_description' returned '0': CMAKE_PREFIX_PATH=${CMAKE_PREFIX_PATH}:/home/arjun/opt_ws/install/my_bot_controller:/home/arjun/ros2_ws/install/my_robot_controller:/opt/ros/humble /usr/bin/cmake --build /home/arjun/jetbot_ws/build/my_robot_description -- -j8 -l8
[0.268s] Invoking command in '/home/arjun/jetbot_ws/build/my_robot_description': CMAKE_PREFIX_PATH=${CMAKE_PREFIX_PATH}:/home/arjun/opt_ws/install/my_bot_controller:/home/arjun/ros2_ws/install/my_robot_controller:/opt/ros/humble /usr/bin/cmake --install /home/arjun/jetbot_ws/build/my_robot_description
[0.275s] -- Install configuration: ""
[0.275s] -- Up-to-date: /home/arjun/jetbot_ws/install/my_robot_description/share/my_robot_description//urdf
[0.275s] -- Up-to-date: /home/arjun/jetbot_ws/install/my_robot_description/share/my_robot_description//urdf/my_bot.urdf
[0.275s] -- Installing: /home/arjun/jetbot_ws/install/my_robot_description/share/my_robot_description//launch
[0.275s] -- Installing: /home/arjun/jetbot_ws/install/my_robot_description/share/my_robot_description//launch/display.launch.xml
[0.275s] -- Up-to-date: /home/arjun/jetbot_ws/install/my_robot_description/share/ament_index/resource_index/package_run_dependencies/my_robot_description
[0.275s] -- Up-to-date: /home/arjun/jetbot_ws/install/my_robot_description/share/ament_index/resource_index/parent_prefix_path/my_robot_description
[0.275s] -- Up-to-date: /home/arjun/jetbot_ws/install/my_robot_description/share/my_robot_description/environment/ament_prefix_path.sh
[0.275s] -- Installing: /home/arjun/jetbot_ws/install/my_robot_description/share/my_robot_description/environment/ament_prefix_path.dsv
[0.275s] -- Up-to-date: /home/arjun/jetbot_ws/install/my_robot_description/share/my_robot_description/environment/path.sh
[0.275s] -- Installing: /home/arjun/jetbot_ws/install/my_robot_description/share/my_robot_description/environment/path.dsv
[0.276s] -- Up-to-date: /home/arjun/jetbot_ws/install/my_robot_description/share/my_robot_description/local_setup.bash
[0.276s] -- Up-to-date: /home/arjun/jetbot_ws/install/my_robot_description/share/my_robot_description/local_setup.sh
[0.276s] -- Up-to-date: /home/arjun/jetbot_ws/install/my_robot_description/share/my_robot_description/local_setup.zsh
[0.276s] -- Installing: /home/arjun/jetbot_ws/install/my_robot_description/share/my_robot_description/local_setup.dsv
[0.276s] -- Installing: /home/arjun/jetbot_ws/install/my_robot_description/share/my_robot_description/package.dsv
[0.276s] -- Up-to-date: /home/arjun/jetbot_ws/install/my_robot_description/share/ament_index/resource_index/packages/my_robot_description
[0.276s] -- Up-to-date: /home/arjun/jetbot_ws/install/my_robot_description/share/my_robot_description/cmake/my_robot_descriptionConfig.cmake
[0.276s] -- Up-to-date: /home/arjun/jetbot_ws/install/my_robot_description/share/my_robot_description/cmake/my_robot_descriptionConfig-version.cmake
[0.276s] -- Up-to-date: /home/arjun/jetbot_ws/install/my_robot_description/share/my_robot_description/package.xml
[0.277s] Invoked command in '/home/arjun/jetbot_ws/build/my_robot_description' returned '0': CMAKE_PREFIX_PATH=${CMAKE_PREFIX_PATH}:/home/arjun/opt_ws/install/my_bot_controller:/home/arjun/ros2_ws/install/my_robot_controller:/opt/ros/humble /usr/bin/cmake --install /home/arjun/jetbot_ws/build/my_robot_description
