[0.079s] Invoking command in '/home/arjun/jetbot_ws/build/my_robot_description': CMAKE_PREFIX_PATH=${CMAKE_PREFIX_PATH}:/home/arjun/opt_ws/install/my_bot_controller:/home/arjun/ros2_ws/install/my_robot_controller:/opt/ros/humble /usr/bin/cmake /home/arjun/jetbot_ws/src/my_robot_description -DCMAKE_INSTALL_PREFIX=/home/arjun/jetbot_ws/install/my_robot_description
[0.235s] -- The C compiler identification is GNU 11.4.0
[0.424s] -- The CXX compiler identification is GNU 11.4.0
[0.484s] -- Detecting C compiler ABI info
[0.679s] -- Detecting C compiler ABI info - done
[0.694s] -- Check for working C compiler: /usr/bin/cc - skipped
[0.698s] -- Detecting C compile features
[0.699s] -- Detecting C compile features - done
[0.705s] -- Detecting CXX compiler ABI info
[0.780s] -- Detecting CXX compiler ABI info - done
[0.787s] -- Check for working CXX compiler: /usr/bin/c++ - skipped
[0.788s] -- Detecting CXX compile features
[0.788s] -- Detecting CXX compile features - done
[0.821s] -- Found ament_cmake: 1.3.5 (/opt/ros/humble/share/ament_cmake/cmake)
[1.007s] -- Found Python3: /usr/bin/python3.10 (found version "3.10.12") found components: Interpreter 
[1.226s] -- Configuring done
[1.229s] -- Generating done
[1.229s] -- Build files have been written to: /home/arjun/jetbot_ws/build/my_robot_description
[1.235s] Invoked command in '/home/arjun/jetbot_ws/build/my_robot_description' returned '0': CMAKE_PREFIX_PATH=${CMAKE_PREFIX_PATH}:/home/arjun/opt_ws/install/my_bot_controller:/home/arjun/ros2_ws/install/my_robot_controller:/opt/ros/humble /usr/bin/cmake /home/arjun/jetbot_ws/src/my_robot_description -DCMAKE_INSTALL_PREFIX=/home/arjun/jetbot_ws/install/my_robot_description
[1.237s] Invoking command in '/home/arjun/jetbot_ws/build/my_robot_description': CMAKE_PREFIX_PATH=${CMAKE_PREFIX_PATH}:/home/arjun/opt_ws/install/my_bot_controller:/home/arjun/ros2_ws/install/my_robot_controller:/opt/ros/humble /usr/bin/cmake --build /home/arjun/jetbot_ws/build/my_robot_description -- -j8 -l8
[1.272s] Invoked command in '/home/arjun/jetbot_ws/build/my_robot_description' returned '0': CMAKE_PREFIX_PATH=${CMAKE_PREFIX_PATH}:/home/arjun/opt_ws/install/my_bot_controller:/home/arjun/ros2_ws/install/my_robot_controller:/opt/ros/humble /usr/bin/cmake --build /home/arjun/jetbot_ws/build/my_robot_description -- -j8 -l8
[1.299s] Invoking command in '/home/arjun/jetbot_ws/build/my_robot_description': CMAKE_PREFIX_PATH=${CMAKE_PREFIX_PATH}:/home/arjun/opt_ws/install/my_bot_controller:/home/arjun/ros2_ws/install/my_robot_controller:/opt/ros/humble /usr/bin/cmake --install /home/arjun/jetbot_ws/build/my_robot_description
[1.305s] -- Install configuration: ""
[1.306s] -- Installing: /home/arjun/jetbot_ws/install/my_robot_description/share/my_robot_description//urdf
[1.306s] -- Installing: /home/arjun/jetbot_ws/install/my_robot_description/share/my_robot_description//urdf/my_bot.urdf
[1.306s] -- Installing: /home/arjun/jetbot_ws/install/my_robot_description/share/ament_index/resource_index/package_run_dependencies/my_robot_description
[1.306s] -- Installing: /home/arjun/jetbot_ws/install/my_robot_description/share/ament_index/resource_index/parent_prefix_path/my_robot_description
[1.306s] -- Installing: /home/arjun/jetbot_ws/install/my_robot_description/share/my_robot_description/environment/ament_prefix_path.sh
[1.306s] -- Installing: /home/arjun/jetbot_ws/install/my_robot_description/share/my_robot_description/environment/ament_prefix_path.dsv
[1.306s] -- Installing: /home/arjun/jetbot_ws/install/my_robot_description/share/my_robot_description/environment/path.sh
[1.306s] -- Installing: /home/arjun/jetbot_ws/install/my_robot_description/share/my_robot_description/environment/path.dsv
[1.307s] -- Installing: /home/arjun/jetbot_ws/install/my_robot_description/share/my_robot_description/local_setup.bash
[1.307s] -- Installing: /home/arjun/jetbot_ws/install/my_robot_description/share/my_robot_description/local_setup.sh
[1.307s] -- Installing: /home/arjun/jetbot_ws/install/my_robot_description/share/my_robot_description/local_setup.zsh
[1.307s] -- Installing: /home/arjun/jetbot_ws/install/my_robot_description/share/my_robot_description/local_setup.dsv
[1.307s] -- Installing: /home/arjun/jetbot_ws/install/my_robot_description/share/my_robot_description/package.dsv
[1.307s] -- Installing: /home/arjun/jetbot_ws/install/my_robot_description/share/ament_index/resource_index/packages/my_robot_description
[1.307s] -- Installing: /home/arjun/jetbot_ws/install/my_robot_description/share/my_robot_description/cmake/my_robot_descriptionConfig.cmake
[1.307s] -- Installing: /home/arjun/jetbot_ws/install/my_robot_description/share/my_robot_description/cmake/my_robot_descriptionConfig-version.cmake
[1.307s] -- Installing: /home/arjun/jetbot_ws/install/my_robot_description/share/my_robot_description/package.xml
[1.309s] Invoked command in '/home/arjun/jetbot_ws/build/my_robot_description' returned '0': CMAKE_PREFIX_PATH=${CMAKE_PREFIX_PATH}:/home/arjun/opt_ws/install/my_bot_controller:/home/arjun/ros2_ws/install/my_robot_controller:/opt/ros/humble /usr/bin/cmake --install /home/arjun/jetbot_ws/build/my_robot_description
