[0.012s] Invoking command in '/home/arjun/jetbot_ws/build/my_robot_description': CMAKE_PREFIX_PATH=${CMAKE_PREFIX_PATH}:/home/arjun/opt_ws/install/my_bot_controller:/home/arjun/ros2_ws/install/my_robot_controller:/opt/ros/humble /usr/bin/cmake /home/arjun/jetbot_ws/src/my_robot_description -DAMENT_CMAKE_SYMLINK_INSTALL=1 -DCMAKE_INSTALL_PREFIX=/home/arjun/jetbot_ws/install/my_robot_description
[0.021s] -- Found ament_cmake: 1.3.5 (/opt/ros/humble/share/ament_cmake/cmake)
[0.123s] -- Override CMake install command with custom implementation using symlinks instead of copying resources
[0.179s] -- Configuring done
[0.182s] -- Generating done
[0.183s] -- Build files have been written to: /home/arjun/jetbot_ws/build/my_robot_description
[0.185s] Invoked command in '/home/arjun/jetbot_ws/build/my_robot_description' returned '0': CMAKE_PREFIX_PATH=${CMAKE_PREFIX_PATH}:/home/arjun/opt_ws/install/my_bot_controller:/home/arjun/ros2_ws/install/my_robot_controller:/opt/ros/humble /usr/bin/cmake /home/arjun/jetbot_ws/src/my_robot_description -DAMENT_CMAKE_SYMLINK_INSTALL=1 -DCMAKE_INSTALL_PREFIX=/home/arjun/jetbot_ws/install/my_robot_description
[0.186s] Invoking command in '/home/arjun/jetbot_ws/build/my_robot_description': CMAKE_PREFIX_PATH=${CMAKE_PREFIX_PATH}:/home/arjun/opt_ws/install/my_bot_controller:/home/arjun/ros2_ws/install/my_robot_controller:/opt/ros/humble /usr/bin/cmake --build /home/arjun/jetbot_ws/build/my_robot_description -- -j8 -l8
[0.210s] Invoked command in '/home/arjun/jetbot_ws/build/my_robot_description' returned '0': CMAKE_PREFIX_PATH=${CMAKE_PREFIX_PATH}:/home/arjun/opt_ws/install/my_bot_controller:/home/arjun/ros2_ws/install/my_robot_controller:/opt/ros/humble /usr/bin/cmake --build /home/arjun/jetbot_ws/build/my_robot_description -- -j8 -l8
[0.231s] Invoking command in '/home/arjun/jetbot_ws/build/my_robot_description': CMAKE_PREFIX_PATH=${CMAKE_PREFIX_PATH}:/home/arjun/opt_ws/install/my_bot_controller:/home/arjun/ros2_ws/install/my_robot_controller:/opt/ros/humble /usr/bin/cmake --install /home/arjun/jetbot_ws/build/my_robot_description
[0.236s] -- Install configuration: ""
[0.236s] -- Execute custom install script
[0.236s] -- Up-to-date symlink: /home/arjun/jetbot_ws/install/my_robot_description/share/my_robot_description//urdf/common_properties.xacro
[0.236s] -- Up-to-date symlink: /home/arjun/jetbot_ws/install/my_robot_description/share/my_robot_description//urdf/mobile_base.xacro
[0.236s] -- Up-to-date symlink: /home/arjun/jetbot_ws/install/my_robot_description/share/my_robot_description//urdf/my_bot.urdf.xacro
[0.236s] -- Up-to-date symlink: /home/arjun/jetbot_ws/install/my_robot_description/share/my_robot_description//launch/display.launch.py
[0.236s] -- Up-to-date symlink: /home/arjun/jetbot_ws/install/my_robot_description/share/my_robot_description//launch/display.launch.xml
[0.237s] -- Up-to-date symlink: /home/arjun/jetbot_ws/install/my_robot_description/share/my_robot_description//rviz/urdf_config.rviz
[0.237s] -- Up-to-date symlink: /home/arjun/jetbot_ws/install/my_robot_description/share/ament_index/resource_index/package_run_dependencies/my_robot_description
[0.237s] -- Up-to-date symlink: /home/arjun/jetbot_ws/install/my_robot_description/share/ament_index/resource_index/parent_prefix_path/my_robot_description
[0.237s] -- Up-to-date symlink: /home/arjun/jetbot_ws/install/my_robot_description/share/my_robot_description/environment/ament_prefix_path.sh
[0.237s] -- Up-to-date symlink: /home/arjun/jetbot_ws/install/my_robot_description/share/my_robot_description/environment/ament_prefix_path.dsv
[0.237s] -- Up-to-date symlink: /home/arjun/jetbot_ws/install/my_robot_description/share/my_robot_description/environment/path.sh
[0.237s] -- Up-to-date symlink: /home/arjun/jetbot_ws/install/my_robot_description/share/my_robot_description/environment/path.dsv
[0.237s] -- Up-to-date symlink: /home/arjun/jetbot_ws/install/my_robot_description/share/my_robot_description/local_setup.bash
[0.237s] -- Up-to-date symlink: /home/arjun/jetbot_ws/install/my_robot_description/share/my_robot_description/local_setup.sh
[0.238s] -- Up-to-date symlink: /home/arjun/jetbot_ws/install/my_robot_description/share/my_robot_description/local_setup.zsh
[0.238s] -- Up-to-date symlink: /home/arjun/jetbot_ws/install/my_robot_description/share/my_robot_description/local_setup.dsv
[0.238s] -- Symlinking: /home/arjun/jetbot_ws/install/my_robot_description/share/my_robot_description/package.dsv
[0.244s] -- Up-to-date symlink: /home/arjun/jetbot_ws/install/my_robot_description/share/ament_index/resource_index/packages/my_robot_description
[0.244s] -- Up-to-date symlink: /home/arjun/jetbot_ws/install/my_robot_description/share/my_robot_description/cmake/my_robot_descriptionConfig.cmake
[0.244s] -- Up-to-date symlink: /home/arjun/jetbot_ws/install/my_robot_description/share/my_robot_description/cmake/my_robot_descriptionConfig-version.cmake
[0.244s] -- Up-to-date symlink: /home/arjun/jetbot_ws/install/my_robot_description/share/my_robot_description/package.xml
[0.246s] Invoked command in '/home/arjun/jetbot_ws/build/my_robot_description' returned '0': CMAKE_PREFIX_PATH=${CMAKE_PREFIX_PATH}:/home/arjun/opt_ws/install/my_bot_controller:/home/arjun/ros2_ws/install/my_robot_controller:/opt/ros/humble /usr/bin/cmake --install /home/arjun/jetbot_ws/build/my_robot_description
