[0.009s] Invoking command in '/home/arjun/jetbot_ws/build/my_bot_bringup': CMAKE_PREFIX_PATH=/home/arjun/jetbot_ws/install/my_robot_description:/home/arjun/jetbot_ws/install/my_bot_bringup:/home/arjun/optimus_ws/install/my_robot_description:/home/arjun/opt_ws/install/my_bot_controller:/home/arjun/ros2_ws/install/my_robot_controller:/opt/ros/humble /usr/bin/cmake --build /home/arjun/jetbot_ws/build/my_bot_bringup -- -j8 -l8
[0.036s] Invoked command in '/home/arjun/jetbot_ws/build/my_bot_bringup' returned '0': CMAKE_PREFIX_PATH=/home/arjun/jetbot_ws/install/my_robot_description:/home/arjun/jetbot_ws/install/my_bot_bringup:/home/arjun/optimus_ws/install/my_robot_description:/home/arjun/opt_ws/install/my_bot_controller:/home/arjun/ros2_ws/install/my_robot_controller:/opt/ros/humble /usr/bin/cmake --build /home/arjun/jetbot_ws/build/my_bot_bringup -- -j8 -l8
[0.050s] Invoking command in '/home/arjun/jetbot_ws/build/my_bot_bringup': CMAKE_PREFIX_PATH=/home/arjun/jetbot_ws/install/my_robot_description:/home/arjun/jetbot_ws/install/my_bot_bringup:/home/arjun/optimus_ws/install/my_robot_description:/home/arjun/opt_ws/install/my_bot_controller:/home/arjun/ros2_ws/install/my_robot_controller:/opt/ros/humble /usr/bin/cmake --install /home/arjun/jetbot_ws/build/my_bot_bringup
[0.055s] -- Install configuration: ""
[0.055s] -- Execute custom install script
[0.056s] -- Up-to-date symlink: /home/arjun/jetbot_ws/install/my_bot_bringup/share/my_bot_bringup//launch/my_bot_gazebo.launch.xml
[0.056s] -- Up-to-date symlink: /home/arjun/jetbot_ws/install/my_bot_bringup/share/my_bot_bringup//rviz/urdf_config.rviz
[0.056s] -- Up-to-date symlink: /home/arjun/jetbot_ws/install/my_bot_bringup/share/my_bot_bringup//worlds/test_world.world
[0.056s] -- Up-to-date symlink: /home/arjun/jetbot_ws/install/my_bot_bringup/share/ament_index/resource_index/package_run_dependencies/my_bot_bringup
[0.057s] -- Up-to-date symlink: /home/arjun/jetbot_ws/install/my_bot_bringup/share/ament_index/resource_index/parent_prefix_path/my_bot_bringup
[0.057s] -- Up-to-date symlink: /home/arjun/jetbot_ws/install/my_bot_bringup/share/my_bot_bringup/environment/ament_prefix_path.sh
[0.057s] -- Up-to-date symlink: /home/arjun/jetbot_ws/install/my_bot_bringup/share/my_bot_bringup/environment/ament_prefix_path.dsv
[0.057s] -- Up-to-date symlink: /home/arjun/jetbot_ws/install/my_bot_bringup/share/my_bot_bringup/environment/path.sh
[0.057s] -- Up-to-date symlink: /home/arjun/jetbot_ws/install/my_bot_bringup/share/my_bot_bringup/environment/path.dsv
[0.057s] -- Up-to-date symlink: /home/arjun/jetbot_ws/install/my_bot_bringup/share/my_bot_bringup/local_setup.bash
[0.057s] -- Up-to-date symlink: /home/arjun/jetbot_ws/install/my_bot_bringup/share/my_bot_bringup/local_setup.sh
[0.058s] -- Up-to-date symlink: /home/arjun/jetbot_ws/install/my_bot_bringup/share/my_bot_bringup/local_setup.zsh
[0.058s] -- Up-to-date symlink: /home/arjun/jetbot_ws/install/my_bot_bringup/share/my_bot_bringup/local_setup.dsv
[0.058s] -- Symlinking: /home/arjun/jetbot_ws/install/my_bot_bringup/share/my_bot_bringup/package.dsv
[0.064s] -- Up-to-date symlink: /home/arjun/jetbot_ws/install/my_bot_bringup/share/ament_index/resource_index/packages/my_bot_bringup
[0.064s] -- Up-to-date symlink: /home/arjun/jetbot_ws/install/my_bot_bringup/share/my_bot_bringup/cmake/my_bot_bringupConfig.cmake
[0.064s] -- Up-to-date symlink: /home/arjun/jetbot_ws/install/my_bot_bringup/share/my_bot_bringup/cmake/my_bot_bringupConfig-version.cmake
[0.064s] -- Up-to-date symlink: /home/arjun/jetbot_ws/install/my_bot_bringup/share/my_bot_bringup/package.xml
[0.067s] Invoked command in '/home/arjun/jetbot_ws/build/my_bot_bringup' returned '0': CMAKE_PREFIX_PATH=/home/arjun/jetbot_ws/install/my_robot_description:/home/arjun/jetbot_ws/install/my_bot_bringup:/home/arjun/optimus_ws/install/my_robot_description:/home/arjun/opt_ws/install/my_bot_controller:/home/arjun/ros2_ws/install/my_robot_controller:/opt/ros/humble /usr/bin/cmake --install /home/arjun/jetbot_ws/build/my_bot_bringup
