[0.013s] Invoking command in '/home/arjun/jetbot_ws/build/my_bot_bringup': CMAKE_PREFIX_PATH=/home/arjun/jetbot_ws/install/my_robot_description:/home/arjun/jetbot_ws/install/my_bot_bringup:/home/arjun/optimus_ws/install/my_robot_description:/home/arjun/opt_ws/install/my_bot_controller:/home/arjun/ros2_ws/install/my_robot_controller:/opt/ros/humble /usr/bin/cmake --build /home/arjun/jetbot_ws/build/my_bot_bringup -- -j8 -l8
[0.042s] -- Found ament_cmake: 1.3.5 (/opt/ros/humble/share/ament_cmake/cmake)
[0.177s] -- Override CMake install command with custom implementation using symlinks instead of copying resources
[0.249s] -- Configuring done
[0.252s] -- Generating done
[0.253s] -- Build files have been written to: /home/arjun/jetbot_ws/build/my_bot_bringup
[0.269s] Invoked command in '/home/arjun/jetbot_ws/build/my_bot_bringup' returned '0': CMAKE_PREFIX_PATH=/home/arjun/jetbot_ws/install/my_robot_description:/home/arjun/jetbot_ws/install/my_bot_bringup:/home/arjun/optimus_ws/install/my_robot_description:/home/arjun/opt_ws/install/my_bot_controller:/home/arjun/ros2_ws/install/my_robot_controller:/opt/ros/humble /usr/bin/cmake --build /home/arjun/jetbot_ws/build/my_bot_bringup -- -j8 -l8
[0.290s] Invoking command in '/home/arjun/jetbot_ws/build/my_bot_bringup': CMAKE_PREFIX_PATH=/home/arjun/jetbot_ws/install/my_robot_description:/home/arjun/jetbot_ws/install/my_bot_bringup:/home/arjun/optimus_ws/install/my_robot_description:/home/arjun/opt_ws/install/my_bot_controller:/home/arjun/ros2_ws/install/my_robot_controller:/opt/ros/humble /usr/bin/cmake --install /home/arjun/jetbot_ws/build/my_bot_bringup
[0.297s] -- Install configuration: ""
[0.297s] -- Execute custom install script
[0.298s] -- Up-to-date symlink: /home/arjun/jetbot_ws/install/my_bot_bringup/share/my_bot_bringup//launch/my_bot_gazebo.launch.xml
[0.298s] -- Up-to-date symlink: /home/arjun/jetbot_ws/install/my_bot_bringup/share/my_bot_bringup//rviz/urdf_config.rviz
[0.298s] -- Symlinking: /home/arjun/jetbot_ws/install/my_bot_bringup/share/my_bot_bringup//worlds/test_world.world
[0.306s] -- Up-to-date symlink: /home/arjun/jetbot_ws/install/my_bot_bringup/share/ament_index/resource_index/package_run_dependencies/my_bot_bringup
[0.307s] -- Up-to-date symlink: /home/arjun/jetbot_ws/install/my_bot_bringup/share/ament_index/resource_index/parent_prefix_path/my_bot_bringup
[0.307s] -- Up-to-date symlink: /home/arjun/jetbot_ws/install/my_bot_bringup/share/my_bot_bringup/environment/ament_prefix_path.sh
[0.307s] -- Up-to-date symlink: /home/arjun/jetbot_ws/install/my_bot_bringup/share/my_bot_bringup/environment/ament_prefix_path.dsv
[0.307s] -- Up-to-date symlink: /home/arjun/jetbot_ws/install/my_bot_bringup/share/my_bot_bringup/environment/path.sh
[0.307s] -- Up-to-date symlink: /home/arjun/jetbot_ws/install/my_bot_bringup/share/my_bot_bringup/environment/path.dsv
[0.307s] -- Up-to-date symlink: /home/arjun/jetbot_ws/install/my_bot_bringup/share/my_bot_bringup/local_setup.bash
[0.307s] -- Up-to-date symlink: /home/arjun/jetbot_ws/install/my_bot_bringup/share/my_bot_bringup/local_setup.sh
[0.308s] -- Up-to-date symlink: /home/arjun/jetbot_ws/install/my_bot_bringup/share/my_bot_bringup/local_setup.zsh
[0.308s] -- Up-to-date symlink: /home/arjun/jetbot_ws/install/my_bot_bringup/share/my_bot_bringup/local_setup.dsv
[0.308s] -- Symlinking: /home/arjun/jetbot_ws/install/my_bot_bringup/share/my_bot_bringup/package.dsv
[0.316s] -- Up-to-date symlink: /home/arjun/jetbot_ws/install/my_bot_bringup/share/ament_index/resource_index/packages/my_bot_bringup
[0.316s] -- Up-to-date symlink: /home/arjun/jetbot_ws/install/my_bot_bringup/share/my_bot_bringup/cmake/my_bot_bringupConfig.cmake
[0.316s] -- Up-to-date symlink: /home/arjun/jetbot_ws/install/my_bot_bringup/share/my_bot_bringup/cmake/my_bot_bringupConfig-version.cmake
[0.316s] -- Up-to-date symlink: /home/arjun/jetbot_ws/install/my_bot_bringup/share/my_bot_bringup/package.xml
[0.320s] Invoked command in '/home/arjun/jetbot_ws/build/my_bot_bringup' returned '0': CMAKE_PREFIX_PATH=/home/arjun/jetbot_ws/install/my_robot_description:/home/arjun/jetbot_ws/install/my_bot_bringup:/home/arjun/optimus_ws/install/my_robot_description:/home/arjun/opt_ws/install/my_bot_controller:/home/arjun/ros2_ws/install/my_robot_controller:/opt/ros/humble /usr/bin/cmake --install /home/arjun/jetbot_ws/build/my_bot_bringup
