-- Found ament_cmake: 1.3.5 (/opt/ros/humble/share/ament_cmake/cmake)
-- Override CMake install command with custom implementation using symlinks instead of copying resources
-- Configuring done
-- Generating done
-- Build files have been written to: /home/arjun/jetbot_ws/build/my_bot_bringup
-- Install configuration: ""
-- Execute custom install script
-- Symlinking: /home/arjun/jetbot_ws/install/my_bot_bringup/share/my_bot_bringup//launch/my_bot_gazebo.launch.xml
-- Symlinking: /home/arjun/jetbot_ws/install/my_bot_bringup/share/ament_index/resource_index/package_run_dependencies/my_bot_bringup
-- Symlinking: /home/arjun/jetbot_ws/install/my_bot_bringup/share/ament_index/resource_index/parent_prefix_path/my_bot_bringup
-- Symlinking: /home/arjun/jetbot_ws/install/my_bot_bringup/share/my_bot_bringup/environment/ament_prefix_path.sh
-- Symlinking: /home/arjun/jetbot_ws/install/my_bot_bringup/share/my_bot_bringup/environment/ament_prefix_path.dsv
-- Symlinking: /home/arjun/jetbot_ws/install/my_bot_bringup/share/my_bot_bringup/environment/path.sh
-- Symlinking: /home/arjun/jetbot_ws/install/my_bot_bringup/share/my_bot_bringup/environment/path.dsv
-- Symlinking: /home/arjun/jetbot_ws/install/my_bot_bringup/share/my_bot_bringup/local_setup.bash
-- Symlinking: /home/arjun/jetbot_ws/install/my_bot_bringup/share/my_bot_bringup/local_setup.sh
-- Symlinking: /home/arjun/jetbot_ws/install/my_bot_bringup/share/my_bot_bringup/local_setup.zsh
-- Symlinking: /home/arjun/jetbot_ws/install/my_bot_bringup/share/my_bot_bringup/local_setup.dsv
-- Symlinking: /home/arjun/jetbot_ws/install/my_bot_bringup/share/my_bot_bringup/package.dsv
-- Symlinking: /home/arjun/jetbot_ws/install/my_bot_bringup/share/ament_index/resource_index/packages/my_bot_bringup
-- Symlinking: /home/arjun/jetbot_ws/install/my_bot_bringup/share/my_bot_bringup/cmake/my_bot_bringupConfig.cmake
-- Symlinking: /home/arjun/jetbot_ws/install/my_bot_bringup/share/my_bot_bringup/cmake/my_bot_bringupConfig-version.cmake
-- Symlinking: /home/arjun/jetbot_ws/install/my_bot_bringup/share/my_bot_bringup/package.xml
