[0.007s] Invoking command in '/home/arjun/jetbot_ws/build/my_bot_bringup': CMAKE_PREFIX_PATH=${CMAKE_PREFIX_PATH}:/home/arjun/opt_ws/install/my_bot_controller:/home/arjun/ros2_ws/install/my_robot_controller:/opt/ros/humble /usr/bin/cmake /home/arjun/jetbot_ws/src/my_bot_bringup -DAMENT_CMAKE_SYMLINK_INSTALL=1 -DCMAKE_INSTALL_PREFIX=/home/arjun/jetbot_ws/install/my_bot_bringup
[0.015s] -- Found ament_cmake: 1.3.5 (/opt/ros/humble/share/ament_cmake/cmake)
[0.118s] -- Override CMake install command with custom implementation using symlinks instead of copying resources
[0.173s] -- Configuring done
[0.175s] -- Generating done
[0.175s] -- Build files have been written to: /home/arjun/jetbot_ws/build/my_bot_bringup
[0.177s] Invoked command in '/home/arjun/jetbot_ws/build/my_bot_bringup' returned '0': CMAKE_PREFIX_PATH=${CMAKE_PREFIX_PATH}:/home/arjun/opt_ws/install/my_bot_controller:/home/arjun/ros2_ws/install/my_robot_controller:/opt/ros/humble /usr/bin/cmake /home/arjun/jetbot_ws/src/my_bot_bringup -DAMENT_CMAKE_SYMLINK_INSTALL=1 -DCMAKE_INSTALL_PREFIX=/home/arjun/jetbot_ws/install/my_bot_bringup
[0.178s] Invoking command in '/home/arjun/jetbot_ws/build/my_bot_bringup': CMAKE_PREFIX_PATH=${CMAKE_PREFIX_PATH}:/home/arjun/opt_ws/install/my_bot_controller:/home/arjun/ros2_ws/install/my_robot_controller:/opt/ros/humble /usr/bin/cmake --build /home/arjun/jetbot_ws/build/my_bot_bringup -- -j8 -l8
[0.202s] Invoked command in '/home/arjun/jetbot_ws/build/my_bot_bringup' returned '0': CMAKE_PREFIX_PATH=${CMAKE_PREFIX_PATH}:/home/arjun/opt_ws/install/my_bot_controller:/home/arjun/ros2_ws/install/my_robot_controller:/opt/ros/humble /usr/bin/cmake --build /home/arjun/jetbot_ws/build/my_bot_bringup -- -j8 -l8
[0.216s] Invoking command in '/home/arjun/jetbot_ws/build/my_bot_bringup': CMAKE_PREFIX_PATH=${CMAKE_PREFIX_PATH}:/home/arjun/opt_ws/install/my_bot_controller:/home/arjun/ros2_ws/install/my_robot_controller:/opt/ros/humble /usr/bin/cmake --install /home/arjun/jetbot_ws/build/my_bot_bringup
[0.221s] -- Install configuration: ""
[0.222s] -- Execute custom install script
[0.222s] -- Symlinking: /home/arjun/jetbot_ws/install/my_bot_bringup/share/my_bot_bringup//launch/my_bot_gazebo.launch.xml
[0.228s] -- Symlinking: /home/arjun/jetbot_ws/install/my_bot_bringup/share/ament_index/resource_index/package_run_dependencies/my_bot_bringup
[0.234s] -- Symlinking: /home/arjun/jetbot_ws/install/my_bot_bringup/share/ament_index/resource_index/parent_prefix_path/my_bot_bringup
[0.240s] -- Symlinking: /home/arjun/jetbot_ws/install/my_bot_bringup/share/my_bot_bringup/environment/ament_prefix_path.sh
[0.246s] -- Symlinking: /home/arjun/jetbot_ws/install/my_bot_bringup/share/my_bot_bringup/environment/ament_prefix_path.dsv
[0.253s] -- Symlinking: /home/arjun/jetbot_ws/install/my_bot_bringup/share/my_bot_bringup/environment/path.sh
[0.259s] -- Symlinking: /home/arjun/jetbot_ws/install/my_bot_bringup/share/my_bot_bringup/environment/path.dsv
[0.265s] -- Symlinking: /home/arjun/jetbot_ws/install/my_bot_bringup/share/my_bot_bringup/local_setup.bash
[0.271s] -- Symlinking: /home/arjun/jetbot_ws/install/my_bot_bringup/share/my_bot_bringup/local_setup.sh
[0.278s] -- Symlinking: /home/arjun/jetbot_ws/install/my_bot_bringup/share/my_bot_bringup/local_setup.zsh
[0.284s] -- Symlinking: /home/arjun/jetbot_ws/install/my_bot_bringup/share/my_bot_bringup/local_setup.dsv
[0.290s] -- Symlinking: /home/arjun/jetbot_ws/install/my_bot_bringup/share/my_bot_bringup/package.dsv
[0.296s] -- Symlinking: /home/arjun/jetbot_ws/install/my_bot_bringup/share/ament_index/resource_index/packages/my_bot_bringup
[0.302s] -- Symlinking: /home/arjun/jetbot_ws/install/my_bot_bringup/share/my_bot_bringup/cmake/my_bot_bringupConfig.cmake
[0.307s] -- Symlinking: /home/arjun/jetbot_ws/install/my_bot_bringup/share/my_bot_bringup/cmake/my_bot_bringupConfig-version.cmake
[0.314s] -- Symlinking: /home/arjun/jetbot_ws/install/my_bot_bringup/share/my_bot_bringup/package.xml
[0.322s] Invoked command in '/home/arjun/jetbot_ws/build/my_bot_bringup' returned '0': CMAKE_PREFIX_PATH=${CMAKE_PREFIX_PATH}:/home/arjun/opt_ws/install/my_bot_controller:/home/arjun/ros2_ws/install/my_robot_controller:/opt/ros/humble /usr/bin/cmake --install /home/arjun/jetbot_ws/build/my_bot_bringup
