[0.017s] Invoking command in '/home/arjun/jetbot_ws/build/my_robot_description': CMAKE_PREFIX_PATH=${CMAKE_PREFIX_PATH}:/home/arjun/opt_ws/install/my_bot_controller:/home/arjun/ros2_ws/install/my_robot_controller:/opt/ros/humble /usr/bin/cmake /home/arjun/jetbot_ws/src/my_robot_description -DCMAKE_INSTALL_PREFIX=/home/arjun/jetbot_ws/install/my_robot_description
[0.039s] -- Found ament_cmake: 1.3.5 (/opt/ros/humble/share/ament_cmake/cmake)
[0.188s] -- Override CMake install command with custom implementation using symlinks instead of copying resources
[0.260s] -- Configuring done
[0.265s] -- Generating done
[0.266s] -- Build files have been written to: /home/arjun/jetbot_ws/build/my_robot_description
[0.267s] Invoked command in '/home/arjun/jetbot_ws/build/my_robot_description' returned '0': CMAKE_PREFIX_PATH=${CMAKE_PREFIX_PATH}:/home/arjun/opt_ws/install/my_bot_controller:/home/arjun/ros2_ws/install/my_robot_controller:/opt/ros/humble /usr/bin/cmake /home/arjun/jetbot_ws/src/my_robot_description -DCMAKE_INSTALL_PREFIX=/home/arjun/jetbot_ws/install/my_robot_description
[0.269s] Invoking command in '/home/arjun/jetbot_ws/build/my_robot_description': CMAKE_PREFIX_PATH=${CMAKE_PREFIX_PATH}:/home/arjun/opt_ws/install/my_bot_controller:/home/arjun/ros2_ws/install/my_robot_controller:/opt/ros/humble /usr/bin/cmake --build /home/arjun/jetbot_ws/build/my_robot_description -- -j8 -l8
[0.297s] Invoked command in '/home/arjun/jetbot_ws/build/my_robot_description' returned '0': CMAKE_PREFIX_PATH=${CMAKE_PREFIX_PATH}:/home/arjun/opt_ws/install/my_bot_controller:/home/arjun/ros2_ws/install/my_robot_controller:/opt/ros/humble /usr/bin/cmake --build /home/arjun/jetbot_ws/build/my_robot_description -- -j8 -l8
[0.324s] Invoking command in '/home/arjun/jetbot_ws/build/my_robot_description': CMAKE_PREFIX_PATH=${CMAKE_PREFIX_PATH}:/home/arjun/opt_ws/install/my_bot_controller:/home/arjun/ros2_ws/install/my_robot_controller:/opt/ros/humble /usr/bin/cmake --install /home/arjun/jetbot_ws/build/my_robot_description
[0.331s] -- Install configuration: ""
[0.332s] -- Execute custom install script
[0.332s] -- Up-to-date symlink: /home/arjun/jetbot_ws/install/my_robot_description/share/my_robot_description//urdf/common_properties.xacro
[0.332s] -- Up-to-date symlink: /home/arjun/jetbot_ws/install/my_robot_description/share/my_robot_description//urdf/mobile_base.xacro
[0.332s] -- Up-to-date symlink: /home/arjun/jetbot_ws/install/my_robot_description/share/my_robot_description//urdf/my_bot.urdf.xacro
[0.332s] -- Up-to-date symlink: /home/arjun/jetbot_ws/install/my_robot_description/share/my_robot_description//launch/display.launch.py
[0.333s] -- Up-to-date symlink: /home/arjun/jetbot_ws/install/my_robot_description/share/my_robot_description//launch/display.launch.xml
[0.333s] -- Up-to-date symlink: /home/arjun/jetbot_ws/install/my_robot_description/share/my_robot_description//rviz/urdf_config.rviz
[0.333s] -- Up-to-date symlink: /home/arjun/jetbot_ws/install/my_robot_description/share/ament_index/resource_index/package_run_dependencies/my_robot_description
[0.334s] -- Up-to-date symlink: /home/arjun/jetbot_ws/install/my_robot_description/share/ament_index/resource_index/parent_prefix_path/my_robot_description
[0.334s] -- Up-to-date symlink: /home/arjun/jetbot_ws/install/my_robot_description/share/my_robot_description/environment/ament_prefix_path.sh
[0.334s] -- Up-to-date symlink: /home/arjun/jetbot_ws/install/my_robot_description/share/my_robot_description/environment/ament_prefix_path.dsv
[0.334s] -- Up-to-date symlink: /home/arjun/jetbot_ws/install/my_robot_description/share/my_robot_description/environment/path.sh
[0.335s] -- Up-to-date symlink: /home/arjun/jetbot_ws/install/my_robot_description/share/my_robot_description/environment/path.dsv
[0.335s] -- Up-to-date symlink: /home/arjun/jetbot_ws/install/my_robot_description/share/my_robot_description/local_setup.bash
[0.335s] -- Up-to-date symlink: /home/arjun/jetbot_ws/install/my_robot_description/share/my_robot_description/local_setup.sh
[0.335s] -- Up-to-date symlink: /home/arjun/jetbot_ws/install/my_robot_description/share/my_robot_description/local_setup.zsh
[0.335s] -- Up-to-date symlink: /home/arjun/jetbot_ws/install/my_robot_description/share/my_robot_description/local_setup.dsv
[0.335s] -- Symlinking: /home/arjun/jetbot_ws/install/my_robot_description/share/my_robot_description/package.dsv
[0.343s] -- Up-to-date symlink: /home/arjun/jetbot_ws/install/my_robot_description/share/ament_index/resource_index/packages/my_robot_description
[0.343s] -- Up-to-date symlink: /home/arjun/jetbot_ws/install/my_robot_description/share/my_robot_description/cmake/my_robot_descriptionConfig.cmake
[0.343s] -- Up-to-date symlink: /home/arjun/jetbot_ws/install/my_robot_description/share/my_robot_description/cmake/my_robot_descriptionConfig-version.cmake
[0.344s] -- Up-to-date symlink: /home/arjun/jetbot_ws/install/my_robot_description/share/my_robot_description/package.xml
[0.346s] Invoked command in '/home/arjun/jetbot_ws/build/my_robot_description' returned '0': CMAKE_PREFIX_PATH=${CMAKE_PREFIX_PATH}:/home/arjun/opt_ws/install/my_bot_controller:/home/arjun/ros2_ws/install/my_robot_controller:/opt/ros/humble /usr/bin/cmake --install /home/arjun/jetbot_ws/build/my_robot_description
